2020-02-06 14:17:50.673 [ main ] - [ INFO  ] [ com.github.jetty.JettyRun : 50 ] - Starting JettyRun on LIANGSHUAI with PID 8656 (D:\2021Project\jettyPlugin\target\classes started by Administrator in D:\2021Project\jettyPlugin)
2020-02-06 14:17:50.693 [ main ] - [ INFO  ] [ com.github.jetty.JettyRun : 654 ] - No active profile set, falling back to default profiles: default
2020-02-06 14:17:50.873 [ main ] - [ INFO  ] [ o.s.b.w.s.c.AnnotationConfigServletWebServerApplicationContext : 588 ] - Refreshing org.springframework.boot.web.servlet.context.AnnotationConfigServletWebServerApplicationContext@243c4f91: startup date [Thu Feb 06 14:17:50 CST 2020]; root of context hierarchy
2020-02-06 14:17:53.915 [ main ] - [ INFO  ] [ org.eclipse.jetty.util.log : 193 ] - Logging initialized @20589ms to org.eclipse.jetty.util.log.Slf4jLog
2020-02-06 14:17:54.167 [ main ] - [ INFO  ] [ o.s.b.w.e.jetty.JettyServletWebServerFactory : 143 ] - Server initialized with port: 8080
2020-02-06 14:17:54.171 [ main ] - [ INFO  ] [ org.eclipse.jetty.server.Server : 370 ] - jetty-9.4.14.v20181114; built: 2018-11-14T21:20:31.478Z; git: c4550056e785fb5665914545889f21dc136ad9e6; jvm 1.8.0_171-b11
2020-02-06 14:17:54.255 [ main ] - [ INFO  ] [ o.e.j.server.handler.ContextHandler.application : 2345 ] - Initializing Spring embedded WebApplicationContext
2020-02-06 14:17:54.259 [ main ] - [ INFO  ] [ org.springframework.web.context.ContextLoader : 296 ] - Root WebApplicationContext: initialization completed in 3387 ms
2020-02-06 14:17:54.412 [ main ] - [ INFO  ] [ o.s.boot.web.servlet.ServletRegistrationBean : 187 ] - Servlet dispatcherServlet mapped to [/]
2020-02-06 14:17:54.424 [ main ] - [ INFO  ] [ o.s.boot.web.servlet.FilterRegistrationBean : 245 ] - Mapping filter: 'characterEncodingFilter' to: [/*]
2020-02-06 14:17:54.428 [ main ] - [ INFO  ] [ o.s.boot.web.servlet.FilterRegistrationBean : 245 ] - Mapping filter: 'hiddenHttpMethodFilter' to: [/*]
2020-02-06 14:17:54.428 [ main ] - [ INFO  ] [ o.s.boot.web.servlet.FilterRegistrationBean : 245 ] - Mapping filter: 'httpPutFormContentFilter' to: [/*]
2020-02-06 14:17:54.432 [ main ] - [ INFO  ] [ o.s.boot.web.servlet.FilterRegistrationBean : 245 ] - Mapping filter: 'requestContextFilter' to: [/*]
2020-02-06 14:17:54.620 [ main ] - [ INFO  ] [ org.eclipse.jetty.server.session : 365 ] - DefaultSessionIdManager workerName=node0
2020-02-06 14:17:54.620 [ main ] - [ INFO  ] [ org.eclipse.jetty.server.session : 370 ] - No SessionScavenger set, using defaults
2020-02-06 14:17:54.624 [ main ] - [ INFO  ] [ org.eclipse.jetty.server.session : 149 ] - node0 Scavenging every 660000ms
2020-02-06 14:17:54.652 [ main ] - [ INFO  ] [ org.eclipse.jetty.server.handler.ContextHandler : 855 ] - Started o.s.b.w.e.j.JettyEmbeddedWebAppContext@5b800468{application,/,[file:///C:/Users/Administrator/AppData/Local/Temp/jetty-docbase.7426073221600170108.8080/],AVAILABLE}
2020-02-06 14:17:54.656 [ main ] - [ INFO  ] [ org.eclipse.jetty.server.Server : 407 ] - Started @21333ms
2020-02-06 14:17:54.919 [ main ] - [ INFO  ] [ o.s.web.servlet.handler.SimpleUrlHandlerMapping : 373 ] - Mapped URL path [/**/favicon.ico] onto handler of type [class org.springframework.web.servlet.resource.ResourceHttpRequestHandler]
2020-02-06 14:17:55.457 [ main ] - [ INFO  ] [ o.s.w.s.m.m.a.RequestMappingHandlerAdapter : 588 ] - Looking for @ControllerAdvice: org.springframework.boot.web.servlet.context.AnnotationConfigServletWebServerApplicationContext@243c4f91: startup date [Thu Feb 06 14:17:50 CST 2020]; root of context hierarchy
2020-02-06 14:17:55.613 [ main ] - [ INFO  ] [ o.s.w.s.m.m.a.RequestMappingHandlerMapping : 550 ] - Mapped "{[/err],methods=[GET]}" onto public void com.github.jetty.controller.IndexController.error()
2020-02-06 14:17:55.617 [ main ] - [ INFO  ] [ o.s.w.s.m.m.a.RequestMappingHandlerMapping : 550 ] - Mapped "{[/index],methods=[GET]}" onto public java.lang.String com.github.jetty.controller.IndexController.index()
2020-02-06 14:17:55.629 [ main ] - [ INFO  ] [ o.s.w.s.m.m.a.RequestMappingHandlerMapping : 550 ] - Mapped "{[/error]}" onto public org.springframework.http.ResponseEntity<java.util.Map<java.lang.String, java.lang.Object>> org.springframework.boot.autoconfigure.web.servlet.error.BasicErrorController.error(javax.servlet.http.HttpServletRequest)
2020-02-06 14:17:55.629 [ main ] - [ INFO  ] [ o.s.w.s.m.m.a.RequestMappingHandlerMapping : 550 ] - Mapped "{[/error],produces=[text/html]}" onto public org.springframework.web.servlet.ModelAndView org.springframework.boot.autoconfigure.web.servlet.error.BasicErrorController.errorHtml(javax.servlet.http.HttpServletRequest,javax.servlet.http.HttpServletResponse)
2020-02-06 14:17:55.701 [ main ] - [ INFO  ] [ o.s.web.servlet.handler.SimpleUrlHandlerMapping : 373 ] - Mapped URL path [/webjars/**] onto handler of type [class org.springframework.web.servlet.resource.ResourceHttpRequestHandler]
2020-02-06 14:17:55.705 [ main ] - [ INFO  ] [ o.s.web.servlet.handler.SimpleUrlHandlerMapping : 373 ] - Mapped URL path [/**] onto handler of type [class org.springframework.web.servlet.resource.ResourceHttpRequestHandler]
2020-02-06 14:17:56.100 [ main ] - [ INFO  ] [ o.s.jmx.export.annotation.AnnotationMBeanExporter : 433 ] - Registering beans for JMX exposure on startup
2020-02-06 14:17:56.152 [ main ] - [ INFO  ] [ o.e.j.server.handler.ContextHandler.application : 2345 ] - Initializing Spring FrameworkServlet 'dispatcherServlet'
2020-02-06 14:17:56.156 [ main ] - [ INFO  ] [ org.springframework.web.servlet.DispatcherServlet : 497 ] - FrameworkServlet 'dispatcherServlet': initialization started
2020-02-06 14:17:56.188 [ main ] - [ INFO  ] [ org.springframework.web.servlet.DispatcherServlet : 512 ] - FrameworkServlet 'dispatcherServlet': initialization completed in 32 ms
2020-02-06 14:17:56.296 [ main ] - [ INFO  ] [ org.eclipse.jetty.server.AbstractConnector : 292 ] - Started ServerConnector@56193c7d{HTTP/1.1,[http/1.1]}{0.0.0.0:8080}
2020-02-06 14:17:56.312 [ main ] - [ INFO  ] [ o.s.boot.web.embedded.jetty.JettyWebServer : 160 ] - Jetty started on port(s) 8080 (http/1.1) with context path '/'
2020-02-06 14:17:56.324 [ main ] - [ INFO  ] [ com.github.jetty.JettyRun : 59 ] - Started JettyRun in 6.75 seconds (JVM running for 23.0)
2020-02-06 14:18:06.563 [ qtp365056339-23 ] - [ ERROR ] [ com.github.jetty.controller.IndexController : 15 ] - error
2020-02-06 14:18:06.567 [ qtp365056339-23 ] - [ INFO  ] [ com.github.jetty.controller.IndexController : 16 ] - info
2020-02-06 14:18:07.119 [ qtp365056339-25 ] - [ ERROR ] [ com.github.jetty.controller.IndexController : 15 ] - error
2020-02-06 14:18:07.119 [ qtp365056339-25 ] - [ INFO  ] [ com.github.jetty.controller.IndexController : 16 ] - info
2020-02-06 14:18:07.693 [ qtp365056339-25 ] - [ ERROR ] [ com.github.jetty.controller.IndexController : 15 ] - error
2020-02-06 14:18:07.693 [ qtp365056339-25 ] - [ INFO  ] [ com.github.jetty.controller.IndexController : 16 ] - info
2020-02-06 14:20:19.952 [ main ] - [ INFO  ] [ com.github.jetty.JettyRun : 50 ] - Starting JettyRun on LIANGSHUAI with PID 16828 (D:\2021Project\jettyPlugin\target\classes started by Administrator in D:\2021Project\jettyPlugin)
2020-02-06 14:20:19.972 [ main ] - [ INFO  ] [ com.github.jetty.JettyRun : 654 ] - No active profile set, falling back to default profiles: default
2020-02-06 14:20:20.337 [ main ] - [ INFO  ] [ o.s.b.w.s.c.AnnotationConfigServletWebServerApplicationContext : 588 ] - Refreshing org.springframework.boot.web.servlet.context.AnnotationConfigServletWebServerApplicationContext@2dc995f4: startup date [Thu Feb 06 14:20:20 CST 2020]; root of context hierarchy
2020-02-06 14:20:24.852 [ main ] - [ INFO  ] [ org.eclipse.jetty.util.log : 193 ] - Logging initialized @25240ms to org.eclipse.jetty.util.log.Slf4jLog
2020-02-06 14:20:25.200 [ main ] - [ INFO  ] [ o.s.b.w.e.jetty.JettyServletWebServerFactory : 143 ] - Server initialized with port: 8080
2020-02-06 14:20:25.208 [ main ] - [ INFO  ] [ org.eclipse.jetty.server.Server : 370 ] - jetty-9.4.14.v20181114; built: 2018-11-14T21:20:31.478Z; git: c4550056e785fb5665914545889f21dc136ad9e6; jvm 1.8.0_171-b11
2020-02-06 14:20:25.318 [ main ] - [ INFO  ] [ o.e.j.server.handler.ContextHandler.application : 2345 ] - Initializing Spring embedded WebApplicationContext
2020-02-06 14:20:25.322 [ main ] - [ INFO  ] [ org.springframework.web.context.ContextLoader : 296 ] - Root WebApplicationContext: initialization completed in 4985 ms
2020-02-06 14:20:25.518 [ main ] - [ INFO  ] [ o.s.boot.web.servlet.ServletRegistrationBean : 187 ] - Servlet dispatcherServlet mapped to [/]
2020-02-06 14:20:25.530 [ main ] - [ INFO  ] [ o.s.boot.web.servlet.FilterRegistrationBean : 245 ] - Mapping filter: 'characterEncodingFilter' to: [/*]
2020-02-06 14:20:25.534 [ main ] - [ INFO  ] [ o.s.boot.web.servlet.FilterRegistrationBean : 245 ] - Mapping filter: 'hiddenHttpMethodFilter' to: [/*]
2020-02-06 14:20:25.534 [ main ] - [ INFO  ] [ o.s.boot.web.servlet.FilterRegistrationBean : 245 ] - Mapping filter: 'httpPutFormContentFilter' to: [/*]
2020-02-06 14:20:25.534 [ main ] - [ INFO  ] [ o.s.boot.web.servlet.FilterRegistrationBean : 245 ] - Mapping filter: 'requestContextFilter' to: [/*]
2020-02-06 14:20:25.794 [ main ] - [ INFO  ] [ org.eclipse.jetty.server.session : 365 ] - DefaultSessionIdManager workerName=node0
2020-02-06 14:20:25.798 [ main ] - [ INFO  ] [ org.eclipse.jetty.server.session : 370 ] - No SessionScavenger set, using defaults
2020-02-06 14:20:25.802 [ main ] - [ INFO  ] [ org.eclipse.jetty.server.session : 149 ] - node0 Scavenging every 660000ms
2020-02-06 14:20:25.834 [ main ] - [ INFO  ] [ org.eclipse.jetty.server.handler.ContextHandler : 855 ] - Started o.s.b.w.e.j.JettyEmbeddedWebAppContext@1f3165e7{application,/,[file:///C:/Users/Administrator/AppData/Local/Temp/jetty-docbase.7003773457208332900.8080/],AVAILABLE}
2020-02-06 14:20:25.838 [ main ] - [ INFO  ] [ org.eclipse.jetty.server.Server : 407 ] - Started @26227ms
2020-02-06 14:20:26.524 [ main ] - [ INFO  ] [ o.s.web.servlet.handler.SimpleUrlHandlerMapping : 373 ] - Mapped URL path [/**/favicon.ico] onto handler of type [class org.springframework.web.servlet.resource.ResourceHttpRequestHandler]
2020-02-06 14:20:27.219 [ main ] - [ INFO  ] [ o.s.w.s.m.m.a.RequestMappingHandlerAdapter : 588 ] - Looking for @ControllerAdvice: org.springframework.boot.web.servlet.context.AnnotationConfigServletWebServerApplicationContext@2dc995f4: startup date [Thu Feb 06 14:20:20 CST 2020]; root of context hierarchy
2020-02-06 14:20:27.494 [ main ] - [ INFO  ] [ o.s.w.s.m.m.a.RequestMappingHandlerMapping : 550 ] - Mapped "{[/err],methods=[GET]}" onto public void com.github.jetty.controller.IndexController.error()
2020-02-06 14:20:27.502 [ main ] - [ INFO  ] [ o.s.w.s.m.m.a.RequestMappingHandlerMapping : 550 ] - Mapped "{[/index],methods=[GET]}" onto public java.lang.String com.github.jetty.controller.IndexController.index()
2020-02-06 14:20:27.518 [ main ] - [ INFO  ] [ o.s.w.s.m.m.a.RequestMappingHandlerMapping : 550 ] - Mapped "{[/error]}" onto public org.springframework.http.ResponseEntity<java.util.Map<java.lang.String, java.lang.Object>> org.springframework.boot.autoconfigure.web.servlet.error.BasicErrorController.error(javax.servlet.http.HttpServletRequest)
2020-02-06 14:20:27.526 [ main ] - [ INFO  ] [ o.s.w.s.m.m.a.RequestMappingHandlerMapping : 550 ] - Mapped "{[/error],produces=[text/html]}" onto public org.springframework.web.servlet.ModelAndView org.springframework.boot.autoconfigure.web.servlet.error.BasicErrorController.errorHtml(javax.servlet.http.HttpServletRequest,javax.servlet.http.HttpServletResponse)
2020-02-06 14:20:27.650 [ main ] - [ INFO  ] [ o.s.web.servlet.handler.SimpleUrlHandlerMapping : 373 ] - Mapped URL path [/webjars/**] onto handler of type [class org.springframework.web.servlet.resource.ResourceHttpRequestHandler]
2020-02-06 14:20:27.650 [ main ] - [ INFO  ] [ o.s.web.servlet.handler.SimpleUrlHandlerMapping : 373 ] - Mapped URL path [/**] onto handler of type [class org.springframework.web.servlet.resource.ResourceHttpRequestHandler]
2020-02-06 14:20:28.237 [ main ] - [ INFO  ] [ o.s.jmx.export.annotation.AnnotationMBeanExporter : 433 ] - Registering beans for JMX exposure on startup
2020-02-06 14:20:28.310 [ main ] - [ INFO  ] [ o.e.j.server.handler.ContextHandler.application : 2345 ] - Initializing Spring FrameworkServlet 'dispatcherServlet'
2020-02-06 14:20:28.310 [ main ] - [ INFO  ] [ org.springframework.web.servlet.DispatcherServlet : 497 ] - FrameworkServlet 'dispatcherServlet': initialization started
2020-02-06 14:20:28.370 [ main ] - [ INFO  ] [ org.springframework.web.servlet.DispatcherServlet : 512 ] - FrameworkServlet 'dispatcherServlet': initialization completed in 56 ms
2020-02-06 14:20:28.571 [ main ] - [ INFO  ] [ org.eclipse.jetty.server.AbstractConnector : 292 ] - Started ServerConnector@1507c3c3{HTTP/1.1,[http/1.1]}{0.0.0.0:8080}
2020-02-06 14:20:28.587 [ main ] - [ INFO  ] [ o.s.boot.web.embedded.jetty.JettyWebServer : 160 ] - Jetty started on port(s) 8080 (http/1.1) with context path '/'
2020-02-06 14:20:28.607 [ main ] - [ INFO  ] [ com.github.jetty.JettyRun : 59 ] - Started JettyRun in 10.702 seconds (JVM running for 28.996)
2020-02-06 14:20:51.481 [ Thread-11 ] - [ INFO  ] [ o.s.b.w.s.c.AnnotationConfigServletWebServerApplicationContext : 991 ] - Closing org.springframework.boot.web.servlet.context.AnnotationConfigServletWebServerApplicationContext@2dc995f4: startup date [Thu Feb 06 14:20:20 CST 2020]; root of context hierarchy
2020-02-06 14:20:51.489 [ Thread-11 ] - [ INFO  ] [ o.s.jmx.export.annotation.AnnotationMBeanExporter : 451 ] - Unregistering JMX-exposed beans on shutdown
2020-02-06 14:20:51.525 [ Thread-11 ] - [ INFO  ] [ org.eclipse.jetty.server.AbstractConnector : 341 ] - Stopped ServerConnector@1507c3c3{HTTP/1.1,[http/1.1]}{0.0.0.0:8080}
2020-02-06 14:20:51.525 [ Thread-11 ] - [ INFO  ] [ org.eclipse.jetty.server.session : 167 ] - node0 Stopped scavenging
2020-02-06 14:20:51.533 [ Thread-11 ] - [ INFO  ] [ o.e.j.server.handler.ContextHandler.application : 2345 ] - Destroying Spring FrameworkServlet 'dispatcherServlet'
2020-02-06 14:20:51.533 [ Thread-11 ] - [ INFO  ] [ org.eclipse.jetty.server.handler.ContextHandler : 1045 ] - Stopped o.s.b.w.e.j.JettyEmbeddedWebAppContext@1f3165e7{application,/,[file:///C:/Users/Administrator/AppData/Local/Temp/jetty-docbase.7003773457208332900.8080/],UNAVAILABLE}
2020-02-06 14:21:45.736 [ main ] - [ INFO  ] [ com.github.jetty.JettyRun : 50 ] - Starting JettyRun on LIANGSHUAI with PID 21264 (D:\2021Project\jettyPlugin\target\classes started by Administrator in D:\2021Project\jettyPlugin)
2020-02-06 14:21:45.752 [ main ] - [ INFO  ] [ com.github.jetty.JettyRun : 654 ] - No active profile set, falling back to default profiles: default
2020-02-06 14:21:45.968 [ main ] - [ INFO  ] [ o.s.b.w.s.c.AnnotationConfigServletWebServerApplicationContext : 588 ] - Refreshing org.springframework.boot.web.servlet.context.AnnotationConfigServletWebServerApplicationContext@17aad511: startup date [Thu Feb 06 14:21:45 CST 2020]; root of context hierarchy
2020-02-06 14:21:49.968 [ main ] - [ INFO  ] [ org.eclipse.jetty.util.log : 193 ] - Logging initialized @24765ms to org.eclipse.jetty.util.log.Slf4jLog
2020-02-06 14:21:50.329 [ main ] - [ INFO  ] [ o.s.b.w.e.jetty.JettyServletWebServerFactory : 143 ] - Server initialized with port: 8080
2020-02-06 14:21:50.337 [ main ] - [ INFO  ] [ org.eclipse.jetty.server.Server : 370 ] - jetty-9.4.14.v20181114; built: 2018-11-14T21:20:31.478Z; git: c4550056e785fb5665914545889f21dc136ad9e6; jvm 1.8.0_171-b11
2020-02-06 14:21:50.453 [ main ] - [ INFO  ] [ o.e.j.server.handler.ContextHandler.application : 2345 ] - Initializing Spring embedded WebApplicationContext
2020-02-06 14:21:50.457 [ main ] - [ INFO  ] [ org.springframework.web.context.ContextLoader : 296 ] - Root WebApplicationContext: initialization completed in 4489 ms
2020-02-06 14:21:50.676 [ main ] - [ INFO  ] [ o.s.boot.web.servlet.ServletRegistrationBean : 187 ] - Servlet dispatcherServlet mapped to [/]
2020-02-06 14:21:50.696 [ main ] - [ INFO  ] [ o.s.boot.web.servlet.FilterRegistrationBean : 245 ] - Mapping filter: 'characterEncodingFilter' to: [/*]
2020-02-06 14:21:50.704 [ main ] - [ INFO  ] [ o.s.boot.web.servlet.FilterRegistrationBean : 245 ] - Mapping filter: 'hiddenHttpMethodFilter' to: [/*]
2020-02-06 14:21:50.708 [ main ] - [ INFO  ] [ o.s.boot.web.servlet.FilterRegistrationBean : 245 ] - Mapping filter: 'httpPutFormContentFilter' to: [/*]
2020-02-06 14:21:50.708 [ main ] - [ INFO  ] [ o.s.boot.web.servlet.FilterRegistrationBean : 245 ] - Mapping filter: 'requestContextFilter' to: [/*]
2020-02-06 14:21:51.004 [ main ] - [ INFO  ] [ org.eclipse.jetty.server.session : 365 ] - DefaultSessionIdManager workerName=node0
2020-02-06 14:21:51.008 [ main ] - [ INFO  ] [ org.eclipse.jetty.server.session : 370 ] - No SessionScavenger set, using defaults
2020-02-06 14:21:51.016 [ main ] - [ INFO  ] [ org.eclipse.jetty.server.session : 149 ] - node0 Scavenging every 660000ms
2020-02-06 14:21:51.052 [ main ] - [ INFO  ] [ org.eclipse.jetty.server.handler.ContextHandler : 855 ] - Started o.s.b.w.e.j.JettyEmbeddedWebAppContext@75a118e6{application,/,[file:///C:/Users/Administrator/AppData/Local/Temp/jetty-docbase.5309754064763650997.8080/],AVAILABLE}
2020-02-06 14:21:51.056 [ main ] - [ INFO  ] [ org.eclipse.jetty.server.Server : 407 ] - Started @25857ms
2020-02-06 14:21:51.668 [ main ] - [ INFO  ] [ o.s.web.servlet.handler.SimpleUrlHandlerMapping : 373 ] - Mapped URL path [/**/favicon.ico] onto handler of type [class org.springframework.web.servlet.resource.ResourceHttpRequestHandler]
2020-02-06 14:21:52.391 [ main ] - [ INFO  ] [ o.s.w.s.m.m.a.RequestMappingHandlerAdapter : 588 ] - Looking for @ControllerAdvice: org.springframework.boot.web.servlet.context.AnnotationConfigServletWebServerApplicationContext@17aad511: startup date [Thu Feb 06 14:21:45 CST 2020]; root of context hierarchy
2020-02-06 14:21:52.640 [ main ] - [ INFO  ] [ o.s.w.s.m.m.a.RequestMappingHandlerMapping : 550 ] - Mapped "{[/err],methods=[GET]}" onto public void com.github.jetty.controller.IndexController.error()
2020-02-06 14:21:52.644 [ main ] - [ INFO  ] [ o.s.w.s.m.m.a.RequestMappingHandlerMapping : 550 ] - Mapped "{[/index],methods=[GET]}" onto public java.lang.String com.github.jetty.controller.IndexController.index()
2020-02-06 14:21:52.664 [ main ] - [ INFO  ] [ o.s.w.s.m.m.a.RequestMappingHandlerMapping : 550 ] - Mapped "{[/error]}" onto public org.springframework.http.ResponseEntity<java.util.Map<java.lang.String, java.lang.Object>> org.springframework.boot.autoconfigure.web.servlet.error.BasicErrorController.error(javax.servlet.http.HttpServletRequest)
2020-02-06 14:21:52.664 [ main ] - [ INFO  ] [ o.s.w.s.m.m.a.RequestMappingHandlerMapping : 550 ] - Mapped "{[/error],produces=[text/html]}" onto public org.springframework.web.servlet.ModelAndView org.springframework.boot.autoconfigure.web.servlet.error.BasicErrorController.errorHtml(javax.servlet.http.HttpServletRequest,javax.servlet.http.HttpServletResponse)
2020-02-06 14:21:52.760 [ main ] - [ INFO  ] [ o.s.web.servlet.handler.SimpleUrlHandlerMapping : 373 ] - Mapped URL path [/webjars/**] onto handler of type [class org.springframework.web.servlet.resource.ResourceHttpRequestHandler]
2020-02-06 14:21:52.764 [ main ] - [ INFO  ] [ o.s.web.servlet.handler.SimpleUrlHandlerMapping : 373 ] - Mapped URL path [/**] onto handler of type [class org.springframework.web.servlet.resource.ResourceHttpRequestHandler]
2020-02-06 14:21:53.361 [ main ] - [ INFO  ] [ o.s.jmx.export.annotation.AnnotationMBeanExporter : 433 ] - Registering beans for JMX exposure on startup
2020-02-06 14:21:53.425 [ main ] - [ INFO  ] [ o.e.j.server.handler.ContextHandler.application : 2345 ] - Initializing Spring FrameworkServlet 'dispatcherServlet'
2020-02-06 14:21:53.429 [ main ] - [ INFO  ] [ org.springframework.web.servlet.DispatcherServlet : 497 ] - FrameworkServlet 'dispatcherServlet': initialization started
2020-02-06 14:21:53.473 [ main ] - [ INFO  ] [ org.springframework.web.servlet.DispatcherServlet : 512 ] - FrameworkServlet 'dispatcherServlet': initialization completed in 44 ms
2020-02-06 14:21:53.681 [ main ] - [ INFO  ] [ org.eclipse.jetty.server.AbstractConnector : 292 ] - Started ServerConnector@79e66b2f{HTTP/1.1,[http/1.1]}{0.0.0.0:8080}
2020-02-06 14:21:53.701 [ main ] - [ INFO  ] [ o.s.boot.web.embedded.jetty.JettyWebServer : 160 ] - Jetty started on port(s) 8080 (http/1.1) with context path '/'
2020-02-06 14:21:53.725 [ main ] - [ INFO  ] [ com.github.jetty.JettyRun : 59 ] - Started JettyRun in 10.088 seconds (JVM running for 28.526)
2020-02-06 14:26:46.013 [ qtp990226843-27 ] - [ ERROR ] [ com.github.jetty.controller.IndexController : 15 ] - error
2020-02-06 14:26:46.017 [ qtp990226843-27 ] - [ INFO  ] [ com.github.jetty.controller.IndexController : 16 ] - info
2020-02-06 14:26:46.976 [ qtp990226843-21 ] - [ ERROR ] [ com.github.jetty.controller.IndexController : 15 ] - error
2020-02-06 14:26:46.976 [ qtp990226843-21 ] - [ INFO  ] [ com.github.jetty.controller.IndexController : 16 ] - info
2020-02-06 14:27:39.415 [ Thread-11 ] - [ INFO  ] [ o.s.b.w.s.c.AnnotationConfigServletWebServerApplicationContext : 991 ] - Closing org.springframework.boot.web.servlet.context.AnnotationConfigServletWebServerApplicationContext@17aad511: startup date [Thu Feb 06 14:21:45 CST 2020]; root of context hierarchy
2020-02-06 14:27:39.427 [ Thread-11 ] - [ INFO  ] [ o.s.jmx.export.annotation.AnnotationMBeanExporter : 451 ] - Unregistering JMX-exposed beans on shutdown
2020-02-06 14:27:39.451 [ Thread-11 ] - [ INFO  ] [ org.eclipse.jetty.server.AbstractConnector : 341 ] - Stopped ServerConnector@79e66b2f{HTTP/1.1,[http/1.1]}{0.0.0.0:8080}
2020-02-06 14:27:39.455 [ Thread-11 ] - [ INFO  ] [ org.eclipse.jetty.server.session : 167 ] - node0 Stopped scavenging
2020-02-06 14:27:39.459 [ Thread-11 ] - [ INFO  ] [ o.e.j.server.handler.ContextHandler.application : 2345 ] - Destroying Spring FrameworkServlet 'dispatcherServlet'
2020-02-06 14:27:39.463 [ Thread-11 ] - [ INFO  ] [ org.eclipse.jetty.server.handler.ContextHandler : 1045 ] - Stopped o.s.b.w.e.j.JettyEmbeddedWebAppContext@75a118e6{application,/,[file:///C:/Users/Administrator/AppData/Local/Temp/jetty-docbase.5309754064763650997.8080/],UNAVAILABLE}
2020-02-06 14:31:44.582 [ main ] - [ INFO  ] [ com.github.jetty.JettyRun : 50 ] - Starting JettyRun on LIANGSHUAI with PID 15564 (D:\2021Project\jettyPlugin\target\classes started by Administrator in D:\2021Project\jettyPlugin)
2020-02-06 14:31:44.606 [ main ] - [ INFO  ] [ com.github.jetty.JettyRun : 654 ] - No active profile set, falling back to default profiles: default
2020-02-06 14:31:44.782 [ main ] - [ INFO  ] [ o.s.b.w.s.c.AnnotationConfigServletWebServerApplicationContext : 588 ] - Refreshing org.springframework.boot.web.servlet.context.AnnotationConfigServletWebServerApplicationContext@243c4f91: startup date [Thu Feb 06 14:31:44 CST 2020]; root of context hierarchy
2020-02-06 14:31:48.381 [ main ] - [ INFO  ] [ org.eclipse.jetty.util.log : 193 ] - Logging initialized @23176ms to org.eclipse.jetty.util.log.Slf4jLog
2020-02-06 14:31:48.656 [ main ] - [ INFO  ] [ o.s.b.w.e.jetty.JettyServletWebServerFactory : 143 ] - Server initialized with port: 8080
2020-02-06 14:31:48.661 [ main ] - [ INFO  ] [ org.eclipse.jetty.server.Server : 370 ] - jetty-9.4.14.v20181114; built: 2018-11-14T21:20:31.478Z; git: c4550056e785fb5665914545889f21dc136ad9e6; jvm 1.8.0_171-b11
2020-02-06 14:31:48.753 [ main ] - [ INFO  ] [ o.e.j.server.handler.ContextHandler.application : 2345 ] - Initializing Spring embedded WebApplicationContext
2020-02-06 14:31:48.757 [ main ] - [ INFO  ] [ org.springframework.web.context.ContextLoader : 296 ] - Root WebApplicationContext: initialization completed in 3975 ms
2020-02-06 14:31:48.894 [ main ] - [ INFO  ] [ o.s.boot.web.servlet.ServletRegistrationBean : 187 ] - Servlet dispatcherServlet mapped to [/]
2020-02-06 14:31:48.902 [ main ] - [ INFO  ] [ o.s.boot.web.servlet.FilterRegistrationBean : 245 ] - Mapping filter: 'characterEncodingFilter' to: [/*]
2020-02-06 14:31:48.902 [ main ] - [ INFO  ] [ o.s.boot.web.servlet.FilterRegistrationBean : 245 ] - Mapping filter: 'hiddenHttpMethodFilter' to: [/*]
2020-02-06 14:31:48.906 [ main ] - [ INFO  ] [ o.s.boot.web.servlet.FilterRegistrationBean : 245 ] - Mapping filter: 'httpPutFormContentFilter' to: [/*]
2020-02-06 14:31:48.906 [ main ] - [ INFO  ] [ o.s.boot.web.servlet.FilterRegistrationBean : 245 ] - Mapping filter: 'requestContextFilter' to: [/*]
2020-02-06 14:31:49.112 [ main ] - [ INFO  ] [ org.eclipse.jetty.server.session : 365 ] - DefaultSessionIdManager workerName=node0
2020-02-06 14:31:49.112 [ main ] - [ INFO  ] [ org.eclipse.jetty.server.session : 370 ] - No SessionScavenger set, using defaults
2020-02-06 14:31:49.120 [ main ] - [ INFO  ] [ org.eclipse.jetty.server.session : 149 ] - node0 Scavenging every 660000ms
2020-02-06 14:31:49.144 [ main ] - [ INFO  ] [ org.eclipse.jetty.server.handler.ContextHandler : 855 ] - Started o.s.b.w.e.j.JettyEmbeddedWebAppContext@7e1a1da6{application,/,[file:///C:/Users/Administrator/AppData/Local/Temp/jetty-docbase.3268434998993348956.8080/],AVAILABLE}
2020-02-06 14:31:49.148 [ main ] - [ INFO  ] [ org.eclipse.jetty.server.Server : 407 ] - Started @23944ms
2020-02-06 14:31:49.409 [ main ] - [ INFO  ] [ o.s.web.servlet.handler.SimpleUrlHandlerMapping : 373 ] - Mapped URL path [/**/favicon.ico] onto handler of type [class org.springframework.web.servlet.resource.ResourceHttpRequestHandler]
2020-02-06 14:31:49.980 [ main ] - [ INFO  ] [ o.s.w.s.m.m.a.RequestMappingHandlerAdapter : 588 ] - Looking for @ControllerAdvice: org.springframework.boot.web.servlet.context.AnnotationConfigServletWebServerApplicationContext@243c4f91: startup date [Thu Feb 06 14:31:44 CST 2020]; root of context hierarchy
2020-02-06 14:31:50.140 [ main ] - [ INFO  ] [ o.s.w.s.m.m.a.RequestMappingHandlerMapping : 550 ] - Mapped "{[/err],methods=[GET]}" onto public void com.github.jetty.controller.IndexController.error()
2020-02-06 14:31:50.144 [ main ] - [ INFO  ] [ o.s.w.s.m.m.a.RequestMappingHandlerMapping : 550 ] - Mapped "{[/index],methods=[GET]}" onto public java.lang.String com.github.jetty.controller.IndexController.index()
2020-02-06 14:31:50.156 [ main ] - [ INFO  ] [ o.s.w.s.m.m.a.RequestMappingHandlerMapping : 550 ] - Mapped "{[/error]}" onto public org.springframework.http.ResponseEntity<java.util.Map<java.lang.String, java.lang.Object>> org.springframework.boot.autoconfigure.web.servlet.error.BasicErrorController.error(javax.servlet.http.HttpServletRequest)
2020-02-06 14:31:50.160 [ main ] - [ INFO  ] [ o.s.w.s.m.m.a.RequestMappingHandlerMapping : 550 ] - Mapped "{[/error],produces=[text/html]}" onto public org.springframework.web.servlet.ModelAndView org.springframework.boot.autoconfigure.web.servlet.error.BasicErrorController.errorHtml(javax.servlet.http.HttpServletRequest,javax.servlet.http.HttpServletResponse)
2020-02-06 14:31:50.248 [ main ] - [ INFO  ] [ o.s.web.servlet.handler.SimpleUrlHandlerMapping : 373 ] - Mapped URL path [/webjars/**] onto handler of type [class org.springframework.web.servlet.resource.ResourceHttpRequestHandler]
2020-02-06 14:31:50.252 [ main ] - [ INFO  ] [ o.s.web.servlet.handler.SimpleUrlHandlerMapping : 373 ] - Mapped URL path [/**] onto handler of type [class org.springframework.web.servlet.resource.ResourceHttpRequestHandler]
2020-02-06 14:31:50.751 [ main ] - [ INFO  ] [ o.s.jmx.export.annotation.AnnotationMBeanExporter : 433 ] - Registering beans for JMX exposure on startup
2020-02-06 14:31:50.808 [ main ] - [ INFO  ] [ o.e.j.server.handler.ContextHandler.application : 2345 ] - Initializing Spring FrameworkServlet 'dispatcherServlet'
2020-02-06 14:31:50.808 [ main ] - [ INFO  ] [ org.springframework.web.servlet.DispatcherServlet : 497 ] - FrameworkServlet 'dispatcherServlet': initialization started
2020-02-06 14:31:50.840 [ main ] - [ INFO  ] [ org.springframework.web.servlet.DispatcherServlet : 512 ] - FrameworkServlet 'dispatcherServlet': initialization completed in 32 ms
2020-02-06 14:31:50.950 [ main ] - [ INFO  ] [ org.eclipse.jetty.server.AbstractConnector : 292 ] - Started ServerConnector@5f8890c2{HTTP/1.1,[http/1.1]}{0.0.0.0:8080}
2020-02-06 14:31:50.962 [ main ] - [ INFO  ] [ o.s.boot.web.embedded.jetty.JettyWebServer : 160 ] - Jetty started on port(s) 8080 (http/1.1) with context path '/'
2020-02-06 14:31:50.974 [ main ] - [ INFO  ] [ com.github.jetty.JettyRun : 59 ] - Started JettyRun in 7.618 seconds (JVM running for 25.773)
2020-02-06 15:08:24.509 [ qtp166536076-25 ] - [ ERROR ] [ com.github.jetty.controller.IndexController : 15 ] - error
2020-02-06 15:08:24.510 [ qtp166536076-25 ] - [ INFO  ] [ com.github.jetty.controller.IndexController : 16 ] - info
